Flow report for NiosII_stratixII_2s60_standard
Wed Sep 30 17:56:54 2009
Quartus II Version 9.0 Build 184 04/29/2009 Service Pack 1 SJ Full Version


---------------------
; Table of Contents ;
---------------------
  1. Legal Notice
  2. Flow Summary
  3. Flow Settings
  4. Flow Non-Default Global Settings
  5. Flow Elapsed Time
  6. Flow OS Summary
  7. Flow Log



----------------
; Legal Notice ;
----------------
Copyright (C) 1991-2009 Altera Corporation
Your use of Altera Corporation's design tools, logic functions 
and other software and tools, and its AMPP partner logic 
functions, and any output files from any of the foregoing 
(including device programming or simulation files), and any 
associated documentation or information are expressly subject 
to the terms and conditions of the Altera Program License 
Subscription Agreement, Altera MegaCore Function License 
Agreement, or other applicable license agreement, including, 
without limitation, that your use is for the sole purpose of 
programming logic devices manufactured by Altera and sold by 
Altera or its authorized distributors.  Please refer to the 
applicable agreement for further details.



+-------------------------------------------------------------------------------+
; Flow Summary                                                                  ;
+-------------------------------+-----------------------------------------------+
; Flow Status                   ; Successful - Wed Sep 30 17:56:53 2009         ;
; Quartus II Version            ; 9.0 Build 184 04/29/2009 SP 1 SJ Full Version ;
; Revision Name                 ; NiosII_stratixII_2s60_standard                ;
; Top-level Entity Name         ; NiosII_stratixII_2s60_standard                ;
; Family                        ; Stratix II                                    ;
; Device                        ; EP2S60F672C5                                  ;
; Timing Models                 ; Final                                         ;
; Met timing requirements       ; Yes                                           ;
; Logic utilization             ; 10 %                                          ;
;     Combinational ALUTs       ; 4,163 / 48,352 ( 9 % )                        ;
;     Dedicated logic registers ; 2,588 / 48,352 ( 5 % )                        ;
; Total registers               ; 2809                                          ;
; Total pins                    ; 178 / 493 ( 36 % )                            ;
; Total virtual pins            ; 1                                             ;
; Total block memory bits       ; 571,136 / 2,544,192 ( 22 % )                  ;
; DSP block 9-bit elements      ; 8 / 288 ( 3 % )                               ;
; Total PLLs                    ; 1 / 6 ( 17 % )                                ;
; Total DLLs                    ; 0 / 2 ( 0 % )                                 ;
+-------------------------------+-----------------------------------------------+


+----------------------------------------------------+
; Flow Settings                                      ;
+-------------------+--------------------------------+
; Option            ; Setting                        ;
+-------------------+--------------------------------+
; Start date & time ; 09/30/2009 17:51:30            ;
; Main task         ; Compilation                    ;
; Revision Name     ; NiosII_stratixII_2s60_standard ;
+-------------------+--------------------------------+


+---------------------------------------------------------------------------------------------------------------------------------------------+
; Flow Non-Default Global Settings                                                                                                            ;
+---------------------------------------------------+-------------------------------+------------------------------+-------------+------------+
; Assignment Name                                   ; Value                         ; Default Value                ; Entity Name ; Section Id ;
+---------------------------------------------------+-------------------------------+------------------------------+-------------+------------+
; COMPILER_SIGNATURE_ID                             ; 1005039340689.125434389016520 ; --                           ; --          ; --         ;
; CYCLONEII_OPTIMIZATION_TECHNIQUE                  ; Speed                         ; Balanced                     ; --          ; --         ;
; FITTER_EFFORT                                     ; Standard Fit                  ; Auto Fit                     ; --          ; --         ;
; INCREMENTAL_COMPILATION                           ; Off                           ; FULL_INCREMENTAL_COMPILATION ; --          ; --         ;
; MUX_RESTRUCTURE                                   ; Off                           ; Auto                         ; --          ; --         ;
; NUM_PARALLEL_PROCESSORS                           ; All                           ; --                           ; --          ; --         ;
; PHYSICAL_SYNTHESIS_ASYNCHRONOUS_SIGNAL_PIPELINING ; On                            ; Off                          ; --          ; --         ;
; PHYSICAL_SYNTHESIS_COMBO_LOGIC                    ; On                            ; Off                          ; --          ; --         ;
; PHYSICAL_SYNTHESIS_REGISTER_DUPLICATION           ; On                            ; Off                          ; --          ; --         ;
; PHYSICAL_SYNTHESIS_REGISTER_RETIMING              ; On                            ; Off                          ; --          ; --         ;
; SOPC_BUILDER_SIGNATURE_ID                         ; 00EA01034C91000001240CB3E262  ; --                           ; --          ; --         ;
; STATE_MACHINE_PROCESSING                          ; One-Hot                       ; Auto                         ; --          ; --         ;
; STRATIXII_OPTIMIZATION_TECHNIQUE                  ; Speed                         ; Balanced                     ; --          ; --         ;
; STRATIX_OPTIMIZATION_TECHNIQUE                    ; Speed                         ; Balanced                     ; --          ; --         ;
+---------------------------------------------------+-------------------------------+------------------------------+-------------+------------+


+-----------------------------------------------------------------------------------------------------------------------------+
; Flow Elapsed Time                                                                                                           ;
+-------------------------+--------------+-------------------------+---------------------+------------------------------------+
; Module Name             ; Elapsed Time ; Average Processors Used ; Peak Virtual Memory ; Total CPU Time (on all processors) ;
+-------------------------+--------------+-------------------------+---------------------+------------------------------------+
; Analysis & Synthesis    ; 00:01:37     ; 1.0                     ; --                  ; 00:00:47                           ;
; Fitter                  ; 00:02:36     ; 1.9                     ; --                  ; 00:02:23                           ;
; Assembler               ; 00:00:59     ; 1.0                     ; --                  ; 00:00:09                           ;
; Classic Timing Analyzer ; 00:00:44     ; 1.0                     ; --                  ; 00:00:05                           ;
; Total                   ; 00:05:56     ; --                      ; --                  ; 00:03:24                           ;
+-------------------------+--------------+-------------------------+---------------------+------------------------------------+


+----------------------------------------------------------------------------------------+
; Flow OS Summary                                                                        ;
+-------------------------+------------------+-------------+------------+----------------+
; Module Name             ; Machine Hostname ; OS Name     ; OS Version ; Processor type ;
+-------------------------+------------------+-------------+------------+----------------+
; Analysis & Synthesis    ; vesh             ; Ubuntu 9.04 ; 9          ; x86_64         ;
; Fitter                  ; vesh             ; Ubuntu 9.04 ; 9          ; x86_64         ;
; Assembler               ; vesh             ; Ubuntu 9.04 ; 9          ; x86_64         ;
; Classic Timing Analyzer ; vesh             ; Ubuntu 9.04 ; 9          ; x86_64         ;
+-------------------------+------------------+-------------+------------+----------------+


------------
; Flow Log ;
------------
quartus_map --read_settings_files=on --write_settings_files=off NiosII_stratixII_2s60_standard -c NiosII_stratixII_2s60_standard
quartus_fit --read_settings_files=off --write_settings_files=off NiosII_stratixII_2s60_standard -c NiosII_stratixII_2s60_standard
quartus_asm --read_settings_files=off --write_settings_files=off NiosII_stratixII_2s60_standard -c NiosII_stratixII_2s60_standard
quartus_tan --read_settings_files=off --write_settings_files=off NiosII_stratixII_2s60_standard -c NiosII_stratixII_2s60_standard --timing_analysis_only



